<?xml version="1.0" encoding="UTF-8"?>
<!-- Generated by org.testng.reporters.JUnitReportReporter -->
<testsuite hostname="Rintu" failures="0" tests="1" name="OrangeHRM.DemoTest" time="15.453" errors="0" timestamp="2023-12-16T15:38:14 IST" skipped="0">
  <testcase classname="OrangeHRM.DemoTest" name="runTest" time="15.453"/>
</testsuite> <!-- OrangeHRM.DemoTest -->
