<?xml version="1.0" encoding="UTF-8"?>
<!-- Generated by org.testng.reporters.JUnitReportReporter -->
<testsuite hostname="SatyaSahoo" failures="0" tests="2" name="OrangeHRM.LoginPageTests" time="99.270" errors="0" timestamp="2024-11-08T23:25:49 IST" skipped="0">
  <testcase classname="OrangeHRM.LoginPageTests" name="loginValidationValid" time="59.116"/>
  <system-out/>
  <testcase classname="OrangeHRM.LoginPageTests" name="loginValidationValid" time="40.154"/>
  <system-out/>
</testsuite> <!-- OrangeHRM.LoginPageTests -->
